2025-03-12 15:54:46,199 [restartedMain] INFO  com.example.demo.DemoApplication traceId: controller: function: - Starting DemoApplication using Java 21 with PID 152 (/app/target/classes started by root in /app)
2025-03-12 15:54:46,200 [restartedMain] DEBUG com.example.demo.DemoApplication traceId: controller: function: - Running with Spring Boot v3.2.5, Spring v6.1.6
2025-03-12 15:54:46,200 [restartedMain] INFO  com.example.demo.DemoApplication traceId: controller: function: - No active profile set, falling back to 1 default profile: "default"
2025-03-12 15:54:46,527 [restartedMain] INFO  o.s.d.r.c.RepositoryConfigurationDelegate traceId: controller: function: - Bootstrapping Spring Data JPA repositories in DEFAULT mode.
2025-03-12 15:54:46,542 [restartedMain] INFO  o.s.d.r.c.RepositoryConfigurationDelegate traceId: controller: function: - Finished Spring Data repository scanning in 15 ms. Found 2 JPA repository interfaces.
2025-03-12 15:54:46,763 [restartedMain] INFO  o.s.b.w.e.tomcat.TomcatWebServer traceId: controller: function: - Tomcat initialized with port 8080 (http)
2025-03-12 15:54:46,764 [restartedMain] INFO  o.a.coyote.http11.Http11NioProtocol traceId: controller: function: - Initializing ProtocolHandler ["http-nio-8080"]
2025-03-12 15:54:46,765 [restartedMain] INFO  o.a.catalina.core.StandardService traceId: controller: function: - Starting service [Tomcat]
2025-03-12 15:54:46,765 [restartedMain] INFO  o.a.catalina.core.StandardEngine traceId: controller: function: - Starting Servlet engine: [Apache Tomcat/10.1.20]
2025-03-12 15:54:46,783 [restartedMain] INFO  o.a.c.c.C.[Tomcat].[localhost].[/] traceId: controller: function: - Initializing Spring embedded WebApplicationContext
2025-03-12 15:54:46,783 [restartedMain] INFO  o.s.b.w.s.c.ServletWebServerApplicationContext traceId: controller: function: - Root WebApplicationContext: initialization completed in 581 ms
2025-03-12 15:54:46,923 [restartedMain] DEBUG com.example.demo.security.JwtFilter traceId: controller: function: - Filter 'jwtFilter' configured for use
2025-03-12 15:54:46,973 [restartedMain] INFO  o.h.jpa.internal.util.LogHelper traceId: controller: function: - HHH000204: Processing PersistenceUnitInfo [name: default]
2025-03-12 15:54:46,977 [restartedMain] INFO  o.h.c.i.RegionFactoryInitiator traceId: controller: function: - HHH000026: Second-level cache disabled
2025-03-12 15:54:46,982 [restartedMain] INFO  o.s.o.j.p.SpringPersistenceUnitInfo traceId: controller: function: - No LoadTimeWeaver setup: ignoring JPA class transformer
2025-03-12 15:54:46,983 [restartedMain] INFO  com.zaxxer.hikari.HikariDataSource traceId: controller: function: - HikariPool-20 - Starting...
2025-03-12 15:54:46,996 [restartedMain] INFO  com.zaxxer.hikari.pool.HikariPool traceId: controller: function: - HikariPool-20 - Added connection com.mysql.cj.jdbc.ConnectionImpl@611c820
2025-03-12 15:54:46,997 [restartedMain] INFO  com.zaxxer.hikari.HikariDataSource traceId: controller: function: - HikariPool-20 - Start completed.
2025-03-12 15:54:46,997 [restartedMain] WARN  org.hibernate.orm.deprecation traceId: controller: function: - HHH90000025: MySQL8Dialect does not need to be specified explicitly using 'hibernate.dialect' (remove the property setting and it will be selected by default)
2025-03-12 15:54:46,998 [restartedMain] WARN  org.hibernate.orm.deprecation traceId: controller: function: - HHH90000026: MySQL8Dialect has been deprecated; use org.hibernate.dialect.MySQLDialect instead
2025-03-12 15:54:47,021 [restartedMain] INFO  o.h.e.t.j.p.i.JtaPlatformInitiator traceId: controller: function: - HHH000489: No JTA platform available (set 'hibernate.transaction.jta.platform' to enable JTA platform integration)
2025-03-12 15:54:47,035 [restartedMain] INFO  o.s.o.j.LocalContainerEntityManagerFactoryBean traceId: controller: function: - Initialized JPA EntityManagerFactory for persistence unit 'default'
2025-03-12 15:54:47,314 [restartedMain] WARN  o.s.b.a.o.j.JpaBaseConfiguration$JpaWebConfiguration traceId: controller: function: - spring.jpa.open-in-view is enabled by default. Therefore, database queries may be performed during view rendering. Explicitly configure spring.jpa.open-in-view to disable this warning
2025-03-12 15:54:47,426 [restartedMain] INFO  o.s.b.a.e.web.EndpointLinksResolver traceId: controller: function: - Exposing 3 endpoint(s) beneath base path '/actuator'
2025-03-12 15:54:47,454 [restartedMain] INFO  o.s.s.web.DefaultSecurityFilterChain traceId: controller: function: - Will secure any request with [org.springframework.security.web.session.DisableEncodeUrlFilter@42333ca4, org.springframework.security.web.context.request.async.WebAsyncManagerIntegrationFilter@4fd8112a, org.springframework.security.web.context.SecurityContextHolderFilter@658ae90c, org.springframework.security.web.header.HeaderWriterFilter@60eec227, org.springframework.web.filter.CorsFilter@1f391aa5, org.springframework.security.web.authentication.logout.LogoutFilter@5458bfb5, com.example.demo.security.JwtFilter@78bb7cf6, org.springframework.security.web.savedrequest.RequestCacheAwareFilter@7c09be28, org.springframework.security.web.servletapi.SecurityContextHolderAwareRequestFilter@48cdcc6c, org.springframework.security.web.authentication.AnonymousAuthenticationFilter@1009cc94, org.springframework.security.web.session.SessionManagementFilter@62c47b42, org.springframework.security.web.access.ExceptionTranslationFilter@5d00e30f, org.springframework.security.web.access.intercept.AuthorizationFilter@793e9b0b]
2025-03-12 15:54:47,610 [restartedMain] INFO  o.s.b.d.a.OptionalLiveReloadServer traceId: controller: function: - LiveReload server is running on port 35729
2025-03-12 15:54:47,620 [restartedMain] INFO  o.a.coyote.http11.Http11NioProtocol traceId: controller: function: - Starting ProtocolHandler ["http-nio-8080"]
2025-03-12 15:54:47,622 [restartedMain] INFO  o.s.b.w.e.tomcat.TomcatWebServer traceId: controller: function: - Tomcat started on port 8080 (http) with context path ''
2025-03-12 15:54:47,627 [restartedMain] INFO  com.example.demo.DemoApplication traceId: controller: function: - Started DemoApplication in 1.507 seconds (process running for 8981.919)
2025-03-12 15:54:47,628 [restartedMain] INFO  o.s.b.d.a.ConditionEvaluationDeltaLoggingListener traceId: controller: function: - Condition evaluation unchanged
2025-03-12 15:56:42,696 [File Watcher] INFO  o.s.b.d.a.LocalDevToolsAutoConfiguration$RestartingClassPathChangeChangedEventListener traceId: controller: function: - Restarting due to 1 class path change (1 addition, 0 deletions, 0 modifications)
2025-03-12 15:56:42,727 [Thread-231] INFO  o.a.coyote.http11.Http11NioProtocol traceId: controller: function: - Stopping ProtocolHandler ["http-nio-8080"]
2025-03-12 15:56:42,749 [Thread-231] INFO  o.s.o.j.LocalContainerEntityManagerFactoryBean traceId: controller: function: - Closing JPA EntityManagerFactory for persistence unit 'default'
2025-03-12 15:56:42,754 [Thread-231] INFO  com.zaxxer.hikari.HikariDataSource traceId: controller: function: - HikariPool-20 - Shutdown initiated...
2025-03-12 15:56:42,763 [Thread-231] INFO  com.zaxxer.hikari.HikariDataSource traceId: controller: function: - HikariPool-20 - Shutdown completed.
2025-03-12 15:56:43,079 [restartedMain] INFO  com.example.demo.DemoApplication traceId: controller: function: - Starting DemoApplication using Java 21 with PID 152 (/app/target/classes started by root in /app)
2025-03-12 15:56:43,079 [restartedMain] DEBUG com.example.demo.DemoApplication traceId: controller: function: - Running with Spring Boot v3.2.5, Spring v6.1.6
2025-03-12 15:56:43,079 [restartedMain] INFO  com.example.demo.DemoApplication traceId: controller: function: - No active profile set, falling back to 1 default profile: "default"
2025-03-12 15:56:43,399 [restartedMain] INFO  o.s.d.r.c.RepositoryConfigurationDelegate traceId: controller: function: - Bootstrapping Spring Data JPA repositories in DEFAULT mode.
2025-03-12 15:56:43,412 [restartedMain] INFO  o.s.d.r.c.RepositoryConfigurationDelegate traceId: controller: function: - Finished Spring Data repository scanning in 12 ms. Found 2 JPA repository interfaces.
2025-03-12 15:56:43,588 [restartedMain] INFO  o.s.b.w.e.tomcat.TomcatWebServer traceId: controller: function: - Tomcat initialized with port 8080 (http)
2025-03-12 15:56:43,589 [restartedMain] INFO  o.a.coyote.http11.Http11NioProtocol traceId: controller: function: - Initializing ProtocolHandler ["http-nio-8080"]
2025-03-12 15:56:43,589 [restartedMain] INFO  o.a.catalina.core.StandardService traceId: controller: function: - Starting service [Tomcat]
2025-03-12 15:56:43,589 [restartedMain] INFO  o.a.catalina.core.StandardEngine traceId: controller: function: - Starting Servlet engine: [Apache Tomcat/10.1.20]
2025-03-12 15:56:43,607 [restartedMain] INFO  o.a.c.c.C.[Tomcat].[localhost].[/] traceId: controller: function: - Initializing Spring embedded WebApplicationContext
2025-03-12 15:56:43,607 [restartedMain] INFO  o.s.b.w.s.c.ServletWebServerApplicationContext traceId: controller: function: - Root WebApplicationContext: initialization completed in 526 ms
2025-03-12 15:56:43,735 [restartedMain] DEBUG com.example.demo.security.JwtFilter traceId: controller: function: - Filter 'jwtFilter' configured for use
2025-03-12 15:56:43,772 [restartedMain] INFO  o.h.jpa.internal.util.LogHelper traceId: controller: function: - HHH000204: Processing PersistenceUnitInfo [name: default]
2025-03-12 15:56:43,775 [restartedMain] INFO  o.h.c.i.RegionFactoryInitiator traceId: controller: function: - HHH000026: Second-level cache disabled
2025-03-12 15:56:43,779 [restartedMain] INFO  o.s.o.j.p.SpringPersistenceUnitInfo traceId: controller: function: - No LoadTimeWeaver setup: ignoring JPA class transformer
2025-03-12 15:56:43,780 [restartedMain] INFO  com.zaxxer.hikari.HikariDataSource traceId: controller: function: - HikariPool-21 - Starting...
2025-03-12 15:56:43,801 [restartedMain] INFO  com.zaxxer.hikari.pool.HikariPool traceId: controller: function: - HikariPool-21 - Added connection com.mysql.cj.jdbc.ConnectionImpl@6af9369a
2025-03-12 15:56:43,801 [restartedMain] INFO  com.zaxxer.hikari.HikariDataSource traceId: controller: function: - HikariPool-21 - Start completed.
2025-03-12 15:56:43,802 [restartedMain] WARN  org.hibernate.orm.deprecation traceId: controller: function: - HHH90000025: MySQL8Dialect does not need to be specified explicitly using 'hibernate.dialect' (remove the property setting and it will be selected by default)
2025-03-12 15:56:43,802 [restartedMain] WARN  org.hibernate.orm.deprecation traceId: controller: function: - HHH90000026: MySQL8Dialect has been deprecated; use org.hibernate.dialect.MySQLDialect instead
2025-03-12 15:56:43,830 [restartedMain] INFO  o.h.e.t.j.p.i.JtaPlatformInitiator traceId: controller: function: - HHH000489: No JTA platform available (set 'hibernate.transaction.jta.platform' to enable JTA platform integration)
2025-03-12 15:56:43,843 [restartedMain] INFO  o.s.o.j.LocalContainerEntityManagerFactoryBean traceId: controller: function: - Initialized JPA EntityManagerFactory for persistence unit 'default'
2025-03-12 15:56:44,146 [restartedMain] WARN  o.s.b.a.o.j.JpaBaseConfiguration$JpaWebConfiguration traceId: controller: function: - spring.jpa.open-in-view is enabled by default. Therefore, database queries may be performed during view rendering. Explicitly configure spring.jpa.open-in-view to disable this warning
2025-03-12 15:56:44,254 [restartedMain] INFO  o.s.b.a.e.web.EndpointLinksResolver traceId: controller: function: - Exposing 3 endpoint(s) beneath base path '/actuator'
2025-03-12 15:56:44,281 [restartedMain] INFO  o.s.s.web.DefaultSecurityFilterChain traceId: controller: function: - Will secure any request with [org.springframework.security.web.session.DisableEncodeUrlFilter@6799fdb7, org.springframework.security.web.context.request.async.WebAsyncManagerIntegrationFilter@62d1df5a, org.springframework.security.web.context.SecurityContextHolderFilter@7150c6c6, org.springframework.security.web.header.HeaderWriterFilter@4904b2c8, org.springframework.web.filter.CorsFilter@69f85b89, org.springframework.security.web.authentication.logout.LogoutFilter@3ca9f2fa, com.example.demo.security.JwtFilter@7cfc8ce9, org.springframework.security.web.savedrequest.RequestCacheAwareFilter@5f363851, org.springframework.security.web.servletapi.SecurityContextHolderAwareRequestFilter@313646d9, org.springframework.security.web.authentication.AnonymousAuthenticationFilter@5dd5e959, org.springframework.security.web.session.SessionManagementFilter@52b02575, org.springframework.security.web.access.ExceptionTranslationFilter@79bb232c, org.springframework.security.web.access.intercept.AuthorizationFilter@11129bed]
2025-03-12 15:56:44,412 [restartedMain] INFO  o.s.b.d.a.OptionalLiveReloadServer traceId: controller: function: - LiveReload server is running on port 35729
2025-03-12 15:56:44,422 [restartedMain] INFO  o.a.coyote.http11.Http11NioProtocol traceId: controller: function: - Starting ProtocolHandler ["http-nio-8080"]
2025-03-12 15:56:44,424 [restartedMain] INFO  o.s.b.w.e.tomcat.TomcatWebServer traceId: controller: function: - Tomcat started on port 8080 (http) with context path ''
2025-03-12 15:56:44,429 [restartedMain] INFO  com.example.demo.DemoApplication traceId: controller: function: - Started DemoApplication in 1.377 seconds (process running for 9098.718)
2025-03-12 15:56:44,430 [restartedMain] INFO  o.s.b.d.a.ConditionEvaluationDeltaLoggingListener traceId: controller: function: - Condition evaluation unchanged
2025-03-12 15:56:45,850 [File Watcher] INFO  o.s.b.d.a.LocalDevToolsAutoConfiguration$RestartingClassPathChangeChangedEventListener traceId: controller: function: - Restarting due to 1 class path change (0 additions, 0 deletions, 1 modification)
2025-03-12 15:56:45,852 [Thread-243] INFO  o.a.coyote.http11.Http11NioProtocol traceId: controller: function: - Stopping ProtocolHandler ["http-nio-8080"]
2025-03-12 15:56:45,861 [Thread-243] INFO  o.s.o.j.LocalContainerEntityManagerFactoryBean traceId: controller: function: - Closing JPA EntityManagerFactory for persistence unit 'default'
2025-03-12 15:56:45,862 [Thread-243] INFO  com.zaxxer.hikari.HikariDataSource traceId: controller: function: - HikariPool-21 - Shutdown initiated...
2025-03-12 15:56:45,865 [Thread-243] INFO  com.zaxxer.hikari.HikariDataSource traceId: controller: function: - HikariPool-21 - Shutdown completed.
2025-03-12 15:56:45,984 [restartedMain] INFO  com.example.demo.DemoApplication traceId: controller: function: - Starting DemoApplication using Java 21 with PID 152 (/app/target/classes started by root in /app)
2025-03-12 15:56:45,984 [restartedMain] DEBUG com.example.demo.DemoApplication traceId: controller: function: - Running with Spring Boot v3.2.5, Spring v6.1.6
2025-03-12 15:56:45,984 [restartedMain] INFO  com.example.demo.DemoApplication traceId: controller: function: - No active profile set, falling back to 1 default profile: "default"
2025-03-12 15:56:46,187 [restartedMain] INFO  o.s.d.r.c.RepositoryConfigurationDelegate traceId: controller: function: - Bootstrapping Spring Data JPA repositories in DEFAULT mode.
2025-03-12 15:56:46,199 [restartedMain] INFO  o.s.d.r.c.RepositoryConfigurationDelegate traceId: controller: function: - Finished Spring Data repository scanning in 11 ms. Found 2 JPA repository interfaces.
2025-03-12 15:56:46,310 [restartedMain] INFO  o.s.b.w.e.tomcat.TomcatWebServer traceId: controller: function: - Tomcat initialized with port 8080 (http)
2025-03-12 15:56:46,310 [restartedMain] INFO  o.a.coyote.http11.Http11NioProtocol traceId: controller: function: - Initializing ProtocolHandler ["http-nio-8080"]
2025-03-12 15:56:46,310 [restartedMain] INFO  o.a.catalina.core.StandardService traceId: controller: function: - Starting service [Tomcat]
2025-03-12 15:56:46,310 [restartedMain] INFO  o.a.catalina.core.StandardEngine traceId: controller: function: - Starting Servlet engine: [Apache Tomcat/10.1.20]
2025-03-12 15:56:46,321 [restartedMain] INFO  o.a.c.c.C.[Tomcat].[localhost].[/] traceId: controller: function: - Initializing Spring embedded WebApplicationContext
2025-03-12 15:56:46,321 [restartedMain] INFO  o.s.b.w.s.c.ServletWebServerApplicationContext traceId: controller: function: - Root WebApplicationContext: initialization completed in 335 ms
2025-03-12 15:56:46,419 [restartedMain] DEBUG com.example.demo.security.JwtFilter traceId: controller: function: - Filter 'jwtFilter' configured for use
2025-03-12 15:56:46,454 [restartedMain] INFO  o.h.jpa.internal.util.LogHelper traceId: controller: function: - HHH000204: Processing PersistenceUnitInfo [name: default]
2025-03-12 15:56:46,456 [restartedMain] INFO  o.h.c.i.RegionFactoryInitiator traceId: controller: function: - HHH000026: Second-level cache disabled
2025-03-12 15:56:46,460 [restartedMain] INFO  o.s.o.j.p.SpringPersistenceUnitInfo traceId: controller: function: - No LoadTimeWeaver setup: ignoring JPA class transformer
2025-03-12 15:56:46,461 [restartedMain] INFO  com.zaxxer.hikari.HikariDataSource traceId: controller: function: - HikariPool-22 - Starting...
2025-03-12 15:56:46,467 [restartedMain] INFO  com.zaxxer.hikari.pool.HikariPool traceId: controller: function: - HikariPool-22 - Added connection com.mysql.cj.jdbc.ConnectionImpl@7d208b0a
2025-03-12 15:56:46,467 [restartedMain] INFO  com.zaxxer.hikari.HikariDataSource traceId: controller: function: - HikariPool-22 - Start completed.
2025-03-12 15:56:46,467 [restartedMain] WARN  org.hibernate.orm.deprecation traceId: controller: function: - HHH90000025: MySQL8Dialect does not need to be specified explicitly using 'hibernate.dialect' (remove the property setting and it will be selected by default)
2025-03-12 15:56:46,468 [restartedMain] WARN  org.hibernate.orm.deprecation traceId: controller: function: - HHH90000026: MySQL8Dialect has been deprecated; use org.hibernate.dialect.MySQLDialect instead
2025-03-12 15:56:46,492 [restartedMain] INFO  o.h.e.t.j.p.i.JtaPlatformInitiator traceId: controller: function: - HHH000489: No JTA platform available (set 'hibernate.transaction.jta.platform' to enable JTA platform integration)
2025-03-12 15:56:46,501 [restartedMain] INFO  o.s.o.j.LocalContainerEntityManagerFactoryBean traceId: controller: function: - Initialized JPA EntityManagerFactory for persistence unit 'default'
2025-03-12 15:56:46,861 [restartedMain] WARN  o.s.b.a.o.j.JpaBaseConfiguration$JpaWebConfiguration traceId: controller: function: - spring.jpa.open-in-view is enabled by default. Therefore, database queries may be performed during view rendering. Explicitly configure spring.jpa.open-in-view to disable this warning
2025-03-12 15:56:46,971 [restartedMain] INFO  o.s.b.a.e.web.EndpointLinksResolver traceId: controller: function: - Exposing 3 endpoint(s) beneath base path '/actuator'
2025-03-12 15:56:46,997 [restartedMain] INFO  o.s.s.web.DefaultSecurityFilterChain traceId: controller: function: - Will secure any request with [org.springframework.security.web.session.DisableEncodeUrlFilter@39f97666, org.springframework.security.web.context.request.async.WebAsyncManagerIntegrationFilter@eac2fce, org.springframework.security.web.context.SecurityContextHolderFilter@51d6f66, org.springframework.security.web.header.HeaderWriterFilter@41d91a2c, org.springframework.web.filter.CorsFilter@31b7cb4b, org.springframework.security.web.authentication.logout.LogoutFilter@1f1c011, com.example.demo.security.JwtFilter@77b59352, org.springframework.security.web.savedrequest.RequestCacheAwareFilter@7bdf16c7, org.springframework.security.web.servletapi.SecurityContextHolderAwareRequestFilter@582248be, org.springframework.security.web.authentication.AnonymousAuthenticationFilter@7077a1a4, org.springframework.security.web.session.SessionManagementFilter@60b3431e, org.springframework.security.web.access.ExceptionTranslationFilter@785df8b8, org.springframework.security.web.access.intercept.AuthorizationFilter@28c3e42b]
2025-03-12 15:56:47,137 [restartedMain] INFO  o.s.b.d.a.OptionalLiveReloadServer traceId: controller: function: - LiveReload server is running on port 35729
2025-03-12 15:56:47,147 [restartedMain] INFO  o.a.coyote.http11.Http11NioProtocol traceId: controller: function: - Starting ProtocolHandler ["http-nio-8080"]
2025-03-12 15:56:47,149 [restartedMain] INFO  o.s.b.w.e.tomcat.TomcatWebServer traceId: controller: function: - Tomcat started on port 8080 (http) with context path ''
2025-03-12 15:56:47,154 [restartedMain] INFO  com.example.demo.DemoApplication traceId: controller: function: - Started DemoApplication in 1.19 seconds (process running for 9101.444)
2025-03-12 15:56:47,155 [restartedMain] INFO  o.s.b.d.a.ConditionEvaluationDeltaLoggingListener traceId: controller: function: - Condition evaluation unchanged
2025-03-12 15:57:09,910 [File Watcher] INFO  o.s.b.d.a.LocalDevToolsAutoConfiguration$RestartingClassPathChangeChangedEventListener traceId: controller: function: - Restarting due to 1 class path change (0 additions, 1 deletion, 0 modifications)
2025-03-12 15:57:09,951 [Thread-255] INFO  o.a.coyote.http11.Http11NioProtocol traceId: controller: function: - Stopping ProtocolHandler ["http-nio-8080"]
2025-03-12 15:57:09,969 [Thread-255] INFO  o.s.o.j.LocalContainerEntityManagerFactoryBean traceId: controller: function: - Closing JPA EntityManagerFactory for persistence unit 'default'
2025-03-12 15:57:09,973 [Thread-255] INFO  com.zaxxer.hikari.HikariDataSource traceId: controller: function: - HikariPool-22 - Shutdown initiated...
2025-03-12 15:57:09,986 [Thread-255] INFO  com.zaxxer.hikari.HikariDataSource traceId: controller: function: - HikariPool-22 - Shutdown completed.
2025-03-12 15:57:10,311 [restartedMain] INFO  com.example.demo.DemoApplication traceId: controller: function: - Starting DemoApplication using Java 21 with PID 152 (/app/target/classes started by root in /app)
2025-03-12 15:57:10,312 [restartedMain] DEBUG com.example.demo.DemoApplication traceId: controller: function: - Running with Spring Boot v3.2.5, Spring v6.1.6
2025-03-12 15:57:10,313 [restartedMain] INFO  com.example.demo.DemoApplication traceId: controller: function: - No active profile set, falling back to 1 default profile: "default"
2025-03-12 15:57:10,570 [restartedMain] INFO  o.s.d.r.c.RepositoryConfigurationDelegate traceId: controller: function: - Bootstrapping Spring Data JPA repositories in DEFAULT mode.
2025-03-12 15:57:10,582 [restartedMain] INFO  o.s.d.r.c.RepositoryConfigurationDelegate traceId: controller: function: - Finished Spring Data repository scanning in 11 ms. Found 2 JPA repository interfaces.
2025-03-12 15:57:10,736 [restartedMain] INFO  o.s.b.w.e.tomcat.TomcatWebServer traceId: controller: function: - Tomcat initialized with port 8080 (http)
2025-03-12 15:57:10,737 [restartedMain] INFO  o.a.coyote.http11.Http11NioProtocol traceId: controller: function: - Initializing ProtocolHandler ["http-nio-8080"]
2025-03-12 15:57:10,737 [restartedMain] INFO  o.a.catalina.core.StandardService traceId: controller: function: - Starting service [Tomcat]
2025-03-12 15:57:10,737 [restartedMain] INFO  o.a.catalina.core.StandardEngine traceId: controller: function: - Starting Servlet engine: [Apache Tomcat/10.1.20]
2025-03-12 15:57:10,759 [restartedMain] INFO  o.a.c.c.C.[Tomcat].[localhost].[/] traceId: controller: function: - Initializing Spring embedded WebApplicationContext
2025-03-12 15:57:10,759 [restartedMain] INFO  o.s.b.w.s.c.ServletWebServerApplicationContext traceId: controller: function: - Root WebApplicationContext: initialization completed in 444 ms
2025-03-12 15:57:10,906 [restartedMain] DEBUG com.example.demo.security.JwtFilter traceId: controller: function: - Filter 'jwtFilter' configured for use
2025-03-12 15:57:10,961 [restartedMain] INFO  o.h.jpa.internal.util.LogHelper traceId: controller: function: - HHH000204: Processing PersistenceUnitInfo [name: default]
2025-03-12 15:57:10,964 [restartedMain] INFO  o.h.c.i.RegionFactoryInitiator traceId: controller: function: - HHH000026: Second-level cache disabled
2025-03-12 15:57:10,969 [restartedMain] INFO  o.s.o.j.p.SpringPersistenceUnitInfo traceId: controller: function: - No LoadTimeWeaver setup: ignoring JPA class transformer
2025-03-12 15:57:10,970 [restartedMain] INFO  com.zaxxer.hikari.HikariDataSource traceId: controller: function: - HikariPool-23 - Starting...
2025-03-12 15:57:10,980 [restartedMain] INFO  com.zaxxer.hikari.pool.HikariPool traceId: controller: function: - HikariPool-23 - Added connection com.mysql.cj.jdbc.ConnectionImpl@4dcd1cfa
2025-03-12 15:57:10,981 [restartedMain] INFO  com.zaxxer.hikari.HikariDataSource traceId: controller: function: - HikariPool-23 - Start completed.
2025-03-12 15:57:10,981 [restartedMain] WARN  org.hibernate.orm.deprecation traceId: controller: function: - HHH90000025: MySQL8Dialect does not need to be specified explicitly using 'hibernate.dialect' (remove the property setting and it will be selected by default)
2025-03-12 15:57:10,981 [restartedMain] WARN  org.hibernate.orm.deprecation traceId: controller: function: - HHH90000026: MySQL8Dialect has been deprecated; use org.hibernate.dialect.MySQLDialect instead
2025-03-12 15:57:11,010 [restartedMain] INFO  o.h.e.t.j.p.i.JtaPlatformInitiator traceId: controller: function: - HHH000489: No JTA platform available (set 'hibernate.transaction.jta.platform' to enable JTA platform integration)
2025-03-12 15:57:11,025 [restartedMain] INFO  o.s.o.j.LocalContainerEntityManagerFactoryBean traceId: controller: function: - Initialized JPA EntityManagerFactory for persistence unit 'default'
2025-03-12 15:57:11,356 [restartedMain] WARN  o.s.b.a.o.j.JpaBaseConfiguration$JpaWebConfiguration traceId: controller: function: - spring.jpa.open-in-view is enabled by default. Therefore, database queries may be performed during view rendering. Explicitly configure spring.jpa.open-in-view to disable this warning
2025-03-12 15:57:11,460 [restartedMain] INFO  o.s.b.a.e.web.EndpointLinksResolver traceId: controller: function: - Exposing 3 endpoint(s) beneath base path '/actuator'
2025-03-12 15:57:11,489 [restartedMain] INFO  o.s.s.web.DefaultSecurityFilterChain traceId: controller: function: - Will secure any request with [org.springframework.security.web.session.DisableEncodeUrlFilter@5d38b3a5, org.springframework.security.web.context.request.async.WebAsyncManagerIntegrationFilter@55dcadb7, org.springframework.security.web.context.SecurityContextHolderFilter@2547d1c, org.springframework.security.web.header.HeaderWriterFilter@13574b1, org.springframework.web.filter.CorsFilter@79635423, org.springframework.security.web.authentication.logout.LogoutFilter@78347fe8, com.example.demo.security.JwtFilter@58447c59, org.springframework.security.web.savedrequest.RequestCacheAwareFilter@14a6c7e7, org.springframework.security.web.servletapi.SecurityContextHolderAwareRequestFilter@30aaf628, org.springframework.security.web.authentication.AnonymousAuthenticationFilter@70b6ef72, org.springframework.security.web.session.SessionManagementFilter@2dc3938d, org.springframework.security.web.access.ExceptionTranslationFilter@5958fba3, org.springframework.security.web.access.intercept.AuthorizationFilter@18a219cc]
2025-03-12 15:57:11,627 [restartedMain] INFO  o.s.b.d.a.OptionalLiveReloadServer traceId: controller: function: - LiveReload server is running on port 35729
2025-03-12 15:57:11,636 [restartedMain] INFO  o.a.coyote.http11.Http11NioProtocol traceId: controller: function: - Starting ProtocolHandler ["http-nio-8080"]
2025-03-12 15:57:11,638 [restartedMain] INFO  o.s.b.w.e.tomcat.TomcatWebServer traceId: controller: function: - Tomcat started on port 8080 (http) with context path ''
2025-03-12 15:57:11,642 [restartedMain] INFO  com.example.demo.DemoApplication traceId: controller: function: - Started DemoApplication in 1.394 seconds (process running for 9125.932)
2025-03-12 15:57:11,644 [restartedMain] INFO  o.s.b.d.a.ConditionEvaluationDeltaLoggingListener traceId: controller: function: - Condition evaluation unchanged
2025-03-12 15:58:13,596 [http-nio-8080-exec-2] INFO  o.a.c.c.C.[Tomcat].[localhost].[/] traceId: controller: function: - Initializing Spring DispatcherServlet 'dispatcherServlet'
2025-03-12 15:58:13,599 [http-nio-8080-exec-2] INFO  o.s.web.servlet.DispatcherServlet traceId: controller: function: - Initializing Servlet 'dispatcherServlet'
2025-03-12 15:58:13,622 [http-nio-8080-exec-2] INFO  o.s.web.servlet.DispatcherServlet traceId: controller: function: - Completed initialization in 23 ms
2025-03-12 15:58:13,673 [http-nio-8080-exec-2] INFO  c.e.demo.services.LoggingService traceId:33e8b196-77fa-40ee-8a57-cc611f5191d5 controller:com.example.demo.controllers.AuthController function: - Enter: com.example.demo.controllers.AuthController.register - Data: [{"username":"55555555","password":"222"}]
2025-03-12 15:58:13,780 [http-nio-8080-exec-2] INFO  c.e.demo.services.LoggingService traceId:33e8b196-77fa-40ee-8a57-cc611f5191d5 controller:com.example.demo.controllers.AuthController function: - Exit: com.example.demo.controllers.AuthController.register - Data: "User registered successfully!"
2025-03-12 15:58:15,849 [OkHttp http://otel-collector:4318/...] ERROR i.o.e.internal.http.HttpExporter traceId: controller: function: - Failed to export spans. The request could not be executed. Full error message: otel-collector: Name or service not known
java.net.UnknownHostException: otel-collector: Name or service not known
	at java.base/java.net.Inet6AddressImpl.lookupAllHostAddr(Native Method)
	at java.base/java.net.Inet6AddressImpl.lookupAllHostAddr(Inet6AddressImpl.java:52)
	at java.base/java.net.InetAddress$PlatformResolver.lookupByName(InetAddress.java:1211)
	at java.base/java.net.InetAddress.getAddressesFromNameService(InetAddress.java:1828)
	at java.base/java.net.InetAddress$NameServiceAddresses.get(InetAddress.java:1139)
	at java.base/java.net.InetAddress.getAllByName0(InetAddress.java:1818)
	at java.base/java.net.InetAddress.getAllByName(InetAddress.java:1688)
	at okhttp3.Dns$Companion$DnsSystem.lookup(Dns.kt:49)
	at okhttp3.internal.connection.RouteSelector.resetNextInetSocketAddress(RouteSelector.kt:169)
	at okhttp3.internal.connection.RouteSelector.nextProxy(RouteSelector.kt:131)
	at okhttp3.internal.connection.RouteSelector.next(RouteSelector.kt:73)
	at okhttp3.internal.connection.ExchangeFinder.findConnection(ExchangeFinder.kt:205)
	at okhttp3.internal.connection.ExchangeFinder.findHealthyConnection(ExchangeFinder.kt:106)
	at okhttp3.internal.connection.ExchangeFinder.find(ExchangeFinder.kt:74)
	at okhttp3.internal.connection.RealCall.initExchange$okhttp(RealCall.kt:255)
	at okhttp3.internal.connection.ConnectInterceptor.intercept(ConnectInterceptor.kt:32)
	at okhttp3.internal.http.RealInterceptorChain.proceed(RealInterceptorChain.kt:109)
	at okhttp3.internal.cache.CacheInterceptor.intercept(CacheInterceptor.kt:95)
	at okhttp3.internal.http.RealInterceptorChain.proceed(RealInterceptorChain.kt:109)
	at okhttp3.internal.http.BridgeInterceptor.intercept(BridgeInterceptor.kt:83)
	at okhttp3.internal.http.RealInterceptorChain.proceed(RealInterceptorChain.kt:109)
	at okhttp3.internal.http.RetryAndFollowUpInterceptor.intercept(RetryAndFollowUpInterceptor.kt:76)
	at okhttp3.internal.http.RealInterceptorChain.proceed(RealInterceptorChain.kt:109)
	at okhttp3.internal.connection.RealCall.getResponseWithInterceptorChain$okhttp(RealCall.kt:201)
	at okhttp3.internal.connection.RealCall$AsyncCall.run(RealCall.kt:517)
	at java.base/java.util.concurrent.ThreadPoolExecutor.runWorker(ThreadPoolExecutor.java:1144)
	at java.base/java.util.concurrent.ThreadPoolExecutor$Worker.run(ThreadPoolExecutor.java:642)
	at java.base/java.lang.Thread.run(Thread.java:1583)
2025-03-12 15:59:37,503 [File Watcher] INFO  o.s.b.d.a.LocalDevToolsAutoConfiguration$RestartingClassPathChangeChangedEventListener traceId: controller: function: - Restarting due to 2 class path changes (1 addition, 0 deletions, 1 modification)
2025-03-12 15:59:37,518 [Thread-267] INFO  o.a.coyote.http11.Http11NioProtocol traceId: controller: function: - Stopping ProtocolHandler ["http-nio-8080"]
2025-03-12 15:59:37,544 [Thread-267] INFO  o.s.o.j.LocalContainerEntityManagerFactoryBean traceId: controller: function: - Closing JPA EntityManagerFactory for persistence unit 'default'
2025-03-12 15:59:37,548 [Thread-267] INFO  com.zaxxer.hikari.HikariDataSource traceId: controller: function: - HikariPool-23 - Shutdown initiated...
2025-03-12 15:59:37,559 [Thread-267] INFO  com.zaxxer.hikari.HikariDataSource traceId: controller: function: - HikariPool-23 - Shutdown completed.
2025-03-12 15:59:37,840 [restartedMain] INFO  com.example.demo.DemoApplication traceId: controller: function: - Starting DemoApplication using Java 21 with PID 152 (/app/target/classes started by root in /app)
2025-03-12 15:59:37,840 [restartedMain] DEBUG com.example.demo.DemoApplication traceId: controller: function: - Running with Spring Boot v3.2.5, Spring v6.1.6
2025-03-12 15:59:37,840 [restartedMain] INFO  com.example.demo.DemoApplication traceId: controller: function: - No active profile set, falling back to 1 default profile: "default"
2025-03-12 15:59:38,093 [restartedMain] INFO  o.s.d.r.c.RepositoryConfigurationDelegate traceId: controller: function: - Bootstrapping Spring Data JPA repositories in DEFAULT mode.
2025-03-12 15:59:38,105 [restartedMain] INFO  o.s.d.r.c.RepositoryConfigurationDelegate traceId: controller: function: - Finished Spring Data repository scanning in 11 ms. Found 2 JPA repository interfaces.
2025-03-12 15:59:38,250 [restartedMain] INFO  o.s.b.w.e.tomcat.TomcatWebServer traceId: controller: function: - Tomcat initialized with port 8080 (http)
2025-03-12 15:59:38,250 [restartedMain] INFO  o.a.coyote.http11.Http11NioProtocol traceId: controller: function: - Initializing ProtocolHandler ["http-nio-8080"]
2025-03-12 15:59:38,251 [restartedMain] INFO  o.a.catalina.core.StandardService traceId: controller: function: - Starting service [Tomcat]
2025-03-12 15:59:38,251 [restartedMain] INFO  o.a.catalina.core.StandardEngine traceId: controller: function: - Starting Servlet engine: [Apache Tomcat/10.1.20]
2025-03-12 15:59:38,271 [restartedMain] INFO  o.a.c.c.C.[Tomcat].[localhost].[/] traceId: controller: function: - Initializing Spring embedded WebApplicationContext
2025-03-12 15:59:38,271 [restartedMain] INFO  o.s.b.w.s.c.ServletWebServerApplicationContext traceId: controller: function: - Root WebApplicationContext: initialization completed in 429 ms
2025-03-12 15:59:38,415 [restartedMain] DEBUG com.example.demo.security.JwtFilter traceId: controller: function: - Filter 'jwtFilter' configured for use
2025-03-12 15:59:38,498 [restartedMain] INFO  o.h.jpa.internal.util.LogHelper traceId: controller: function: - HHH000204: Processing PersistenceUnitInfo [name: default]
2025-03-12 15:59:38,501 [restartedMain] INFO  o.h.c.i.RegionFactoryInitiator traceId: controller: function: - HHH000026: Second-level cache disabled
2025-03-12 15:59:38,506 [restartedMain] INFO  o.s.o.j.p.SpringPersistenceUnitInfo traceId: controller: function: - No LoadTimeWeaver setup: ignoring JPA class transformer
2025-03-12 15:59:38,507 [restartedMain] INFO  com.zaxxer.hikari.HikariDataSource traceId: controller: function: - HikariPool-24 - Starting...
2025-03-12 15:59:38,518 [restartedMain] INFO  com.zaxxer.hikari.pool.HikariPool traceId: controller: function: - HikariPool-24 - Added connection com.mysql.cj.jdbc.ConnectionImpl@59662ff
2025-03-12 15:59:38,518 [restartedMain] INFO  com.zaxxer.hikari.HikariDataSource traceId: controller: function: - HikariPool-24 - Start completed.
2025-03-12 15:59:38,519 [restartedMain] WARN  org.hibernate.orm.deprecation traceId: controller: function: - HHH90000025: MySQL8Dialect does not need to be specified explicitly using 'hibernate.dialect' (remove the property setting and it will be selected by default)
2025-03-12 15:59:38,519 [restartedMain] WARN  org.hibernate.orm.deprecation traceId: controller: function: - HHH90000026: MySQL8Dialect has been deprecated; use org.hibernate.dialect.MySQLDialect instead
2025-03-12 15:59:38,549 [restartedMain] INFO  o.h.e.t.j.p.i.JtaPlatformInitiator traceId: controller: function: - HHH000489: No JTA platform available (set 'hibernate.transaction.jta.platform' to enable JTA platform integration)
2025-03-12 15:59:38,564 [restartedMain] INFO  o.s.o.j.LocalContainerEntityManagerFactoryBean traceId: controller: function: - Initialized JPA EntityManagerFactory for persistence unit 'default'
2025-03-12 15:59:38,930 [restartedMain] WARN  o.s.b.a.o.j.JpaBaseConfiguration$JpaWebConfiguration traceId: controller: function: - spring.jpa.open-in-view is enabled by default. Therefore, database queries may be performed during view rendering. Explicitly configure spring.jpa.open-in-view to disable this warning
2025-03-12 15:59:39,057 [restartedMain] INFO  o.s.b.a.e.web.EndpointLinksResolver traceId: controller: function: - Exposing 3 endpoint(s) beneath base path '/actuator'
2025-03-12 15:59:39,089 [restartedMain] INFO  o.s.s.web.DefaultSecurityFilterChain traceId: controller: function: - Will secure any request with [org.springframework.security.web.session.DisableEncodeUrlFilter@6900ff8b, org.springframework.security.web.context.request.async.WebAsyncManagerIntegrationFilter@65a7a338, org.springframework.security.web.context.SecurityContextHolderFilter@21b9a413, org.springframework.security.web.header.HeaderWriterFilter@1caeb7f5, org.springframework.web.filter.CorsFilter@3347eb62, org.springframework.security.web.authentication.logout.LogoutFilter@26c5f862, com.example.demo.security.JwtFilter@298e2ace, org.springframework.security.web.savedrequest.RequestCacheAwareFilter@70552cd8, org.springframework.security.web.servletapi.SecurityContextHolderAwareRequestFilter@40f88c28, org.springframework.security.web.authentication.AnonymousAuthenticationFilter@d554e1, org.springframework.security.web.session.SessionManagementFilter@5e0fcdae, org.springframework.security.web.access.ExceptionTranslationFilter@5882cd70, org.springframework.security.web.access.intercept.AuthorizationFilter@4938b269]
2025-03-12 15:59:39,269 [restartedMain] INFO  o.s.b.d.a.OptionalLiveReloadServer traceId: controller: function: - LiveReload server is running on port 35729
2025-03-12 15:59:39,281 [restartedMain] INFO  o.a.coyote.http11.Http11NioProtocol traceId: controller: function: - Starting ProtocolHandler ["http-nio-8080"]
2025-03-12 15:59:39,283 [restartedMain] INFO  o.s.b.w.e.tomcat.TomcatWebServer traceId: controller: function: - Tomcat started on port 8080 (http) with context path ''
2025-03-12 15:59:39,288 [restartedMain] INFO  com.example.demo.DemoApplication traceId: controller: function: - Started DemoApplication in 1.472 seconds (process running for 9273.577)
2025-03-12 15:59:39,289 [restartedMain] INFO  o.s.b.d.a.ConditionEvaluationDeltaLoggingListener traceId: controller: function: - Condition evaluation unchanged
2025-03-12 16:02:04,273 [File Watcher] INFO  o.s.b.d.a.LocalDevToolsAutoConfiguration$RestartingClassPathChangeChangedEventListener traceId: controller: function: - Restarting due to 1 class path change (0 additions, 0 deletions, 1 modification)
2025-03-12 16:02:04,299 [Thread-279] INFO  o.a.coyote.http11.Http11NioProtocol traceId: controller: function: - Stopping ProtocolHandler ["http-nio-8080"]
2025-03-12 16:02:04,334 [Thread-279] INFO  o.s.o.j.LocalContainerEntityManagerFactoryBean traceId: controller: function: - Closing JPA EntityManagerFactory for persistence unit 'default'
2025-03-12 16:02:04,339 [Thread-279] INFO  com.zaxxer.hikari.HikariDataSource traceId: controller: function: - HikariPool-24 - Shutdown initiated...
2025-03-12 16:02:04,351 [Thread-279] INFO  com.zaxxer.hikari.HikariDataSource traceId: controller: function: - HikariPool-24 - Shutdown completed.
2025-03-12 16:02:04,634 [restartedMain] INFO  com.example.demo.DemoApplication traceId: controller: function: - Starting DemoApplication using Java 21 with PID 152 (/app/target/classes started by root in /app)
2025-03-12 16:02:04,635 [restartedMain] DEBUG com.example.demo.DemoApplication traceId: controller: function: - Running with Spring Boot v3.2.5, Spring v6.1.6
2025-03-12 16:02:04,635 [restartedMain] INFO  com.example.demo.DemoApplication traceId: controller: function: - No active profile set, falling back to 1 default profile: "default"
2025-03-12 16:02:04,894 [restartedMain] INFO  o.s.d.r.c.RepositoryConfigurationDelegate traceId: controller: function: - Bootstrapping Spring Data JPA repositories in DEFAULT mode.
2025-03-12 16:02:04,909 [restartedMain] INFO  o.s.d.r.c.RepositoryConfigurationDelegate traceId: controller: function: - Finished Spring Data repository scanning in 13 ms. Found 2 JPA repository interfaces.
2025-03-12 16:02:05,072 [restartedMain] INFO  o.s.b.w.e.tomcat.TomcatWebServer traceId: controller: function: - Tomcat initialized with port 8080 (http)
2025-03-12 16:02:05,073 [restartedMain] INFO  o.a.coyote.http11.Http11NioProtocol traceId: controller: function: - Initializing ProtocolHandler ["http-nio-8080"]
2025-03-12 16:02:05,074 [restartedMain] INFO  o.a.catalina.core.StandardService traceId: controller: function: - Starting service [Tomcat]
2025-03-12 16:02:05,074 [restartedMain] INFO  o.a.catalina.core.StandardEngine traceId: controller: function: - Starting Servlet engine: [Apache Tomcat/10.1.20]
2025-03-12 16:02:05,100 [restartedMain] INFO  o.a.c.c.C.[Tomcat].[localhost].[/] traceId: controller: function: - Initializing Spring embedded WebApplicationContext
2025-03-12 16:02:05,101 [restartedMain] INFO  o.s.b.w.s.c.ServletWebServerApplicationContext traceId: controller: function: - Root WebApplicationContext: initialization completed in 465 ms
2025-03-12 16:02:05,227 [restartedMain] DEBUG com.example.demo.security.JwtFilter traceId: controller: function: - Filter 'jwtFilter' configured for use
2025-03-12 16:02:05,274 [restartedMain] INFO  o.h.jpa.internal.util.LogHelper traceId: controller: function: - HHH000204: Processing PersistenceUnitInfo [name: default]
2025-03-12 16:02:05,277 [restartedMain] INFO  o.h.c.i.RegionFactoryInitiator traceId: controller: function: - HHH000026: Second-level cache disabled
2025-03-12 16:02:05,281 [restartedMain] INFO  o.s.o.j.p.SpringPersistenceUnitInfo traceId: controller: function: - No LoadTimeWeaver setup: ignoring JPA class transformer
2025-03-12 16:02:05,282 [restartedMain] INFO  com.zaxxer.hikari.HikariDataSource traceId: controller: function: - HikariPool-25 - Starting...
2025-03-12 16:02:05,298 [restartedMain] INFO  com.zaxxer.hikari.pool.HikariPool traceId: controller: function: - HikariPool-25 - Added connection com.mysql.cj.jdbc.ConnectionImpl@73c82a98
2025-03-12 16:02:05,298 [restartedMain] INFO  com.zaxxer.hikari.HikariDataSource traceId: controller: function: - HikariPool-25 - Start completed.
2025-03-12 16:02:05,299 [restartedMain] WARN  org.hibernate.orm.deprecation traceId: controller: function: - HHH90000025: MySQL8Dialect does not need to be specified explicitly using 'hibernate.dialect' (remove the property setting and it will be selected by default)
2025-03-12 16:02:05,299 [restartedMain] WARN  org.hibernate.orm.deprecation traceId: controller: function: - HHH90000026: MySQL8Dialect has been deprecated; use org.hibernate.dialect.MySQLDialect instead
2025-03-12 16:02:05,324 [restartedMain] INFO  o.h.e.t.j.p.i.JtaPlatformInitiator traceId: controller: function: - HHH000489: No JTA platform available (set 'hibernate.transaction.jta.platform' to enable JTA platform integration)
2025-03-12 16:02:05,335 [restartedMain] INFO  o.s.o.j.LocalContainerEntityManagerFactoryBean traceId: controller: function: - Initialized JPA EntityManagerFactory for persistence unit 'default'
2025-03-12 16:02:05,688 [restartedMain] WARN  o.s.b.a.o.j.JpaBaseConfiguration$JpaWebConfiguration traceId: controller: function: - spring.jpa.open-in-view is enabled by default. Therefore, database queries may be performed during view rendering. Explicitly configure spring.jpa.open-in-view to disable this warning
2025-03-12 16:02:05,799 [restartedMain] INFO  o.s.b.a.e.web.EndpointLinksResolver traceId: controller: function: - Exposing 3 endpoint(s) beneath base path '/actuator'
2025-03-12 16:02:05,833 [restartedMain] INFO  o.s.s.web.DefaultSecurityFilterChain traceId: controller: function: - Will secure any request with [org.springframework.security.web.session.DisableEncodeUrlFilter@4aed89a8, org.springframework.security.web.context.request.async.WebAsyncManagerIntegrationFilter@52f23118, org.springframework.security.web.context.SecurityContextHolderFilter@26c2b2f3, org.springframework.security.web.header.HeaderWriterFilter@53fb6a30, org.springframework.web.filter.CorsFilter@1b8f887e, org.springframework.security.web.authentication.logout.LogoutFilter@5564c6f6, com.example.demo.security.JwtFilter@73ac875b, org.springframework.security.web.savedrequest.RequestCacheAwareFilter@4ba93e77, org.springframework.security.web.servletapi.SecurityContextHolderAwareRequestFilter@5fa80537, org.springframework.security.web.authentication.AnonymousAuthenticationFilter@185d1d32, org.springframework.security.web.session.SessionManagementFilter@2693a12, org.springframework.security.web.access.ExceptionTranslationFilter@7349e800, org.springframework.security.web.access.intercept.AuthorizationFilter@17f1eedb]
2025-03-12 16:02:06,006 [restartedMain] INFO  o.s.b.d.a.OptionalLiveReloadServer traceId: controller: function: - LiveReload server is running on port 35729
2025-03-12 16:02:06,018 [restartedMain] INFO  o.a.coyote.http11.Http11NioProtocol traceId: controller: function: - Starting ProtocolHandler ["http-nio-8080"]
2025-03-12 16:02:06,022 [restartedMain] INFO  o.s.b.w.e.tomcat.TomcatWebServer traceId: controller: function: - Tomcat started on port 8080 (http) with context path ''
2025-03-12 16:02:06,027 [restartedMain] INFO  com.example.demo.DemoApplication traceId: controller: function: - Started DemoApplication in 1.42 seconds (process running for 9420.314)
2025-03-12 16:02:06,028 [restartedMain] INFO  o.s.b.d.a.ConditionEvaluationDeltaLoggingListener traceId: controller: function: - Condition evaluation unchanged
2025-03-12 16:02:51,141 [File Watcher] INFO  o.s.b.d.a.LocalDevToolsAutoConfiguration$RestartingClassPathChangeChangedEventListener traceId: controller: function: - Restarting due to 2 class path changes (0 additions, 0 deletions, 2 modifications)
2025-03-12 16:02:51,161 [Thread-291] INFO  o.a.coyote.http11.Http11NioProtocol traceId: controller: function: - Stopping ProtocolHandler ["http-nio-8080"]
2025-03-12 16:02:51,180 [Thread-291] INFO  o.s.o.j.LocalContainerEntityManagerFactoryBean traceId: controller: function: - Closing JPA EntityManagerFactory for persistence unit 'default'
2025-03-12 16:02:51,189 [Thread-291] INFO  com.zaxxer.hikari.HikariDataSource traceId: controller: function: - HikariPool-25 - Shutdown initiated...
2025-03-12 16:02:51,205 [Thread-291] INFO  com.zaxxer.hikari.HikariDataSource traceId: controller: function: - HikariPool-25 - Shutdown completed.
2025-03-12 16:02:51,517 [restartedMain] INFO  com.example.demo.DemoApplication traceId: controller: function: - Starting DemoApplication using Java 21 with PID 152 (/app/target/classes started by root in /app)
2025-03-12 16:02:51,518 [restartedMain] DEBUG com.example.demo.DemoApplication traceId: controller: function: - Running with Spring Boot v3.2.5, Spring v6.1.6
2025-03-12 16:02:51,518 [restartedMain] INFO  com.example.demo.DemoApplication traceId: controller: function: - No active profile set, falling back to 1 default profile: "default"
2025-03-12 16:02:51,796 [restartedMain] INFO  o.s.d.r.c.RepositoryConfigurationDelegate traceId: controller: function: - Bootstrapping Spring Data JPA repositories in DEFAULT mode.
2025-03-12 16:02:51,809 [restartedMain] INFO  o.s.d.r.c.RepositoryConfigurationDelegate traceId: controller: function: - Finished Spring Data repository scanning in 12 ms. Found 2 JPA repository interfaces.
2025-03-12 16:02:51,974 [restartedMain] INFO  o.s.b.w.e.tomcat.TomcatWebServer traceId: controller: function: - Tomcat initialized with port 8080 (http)
2025-03-12 16:02:51,974 [restartedMain] INFO  o.a.coyote.http11.Http11NioProtocol traceId: controller: function: - Initializing ProtocolHandler ["http-nio-8080"]
2025-03-12 16:02:51,975 [restartedMain] INFO  o.a.catalina.core.StandardService traceId: controller: function: - Starting service [Tomcat]
2025-03-12 16:02:51,975 [restartedMain] INFO  o.a.catalina.core.StandardEngine traceId: controller: function: - Starting Servlet engine: [Apache Tomcat/10.1.20]
2025-03-12 16:02:51,993 [restartedMain] INFO  o.a.c.c.C.[Tomcat].[localhost].[/] traceId: controller: function: - Initializing Spring embedded WebApplicationContext
2025-03-12 16:02:51,994 [restartedMain] INFO  o.s.b.w.s.c.ServletWebServerApplicationContext traceId: controller: function: - Root WebApplicationContext: initialization completed in 474 ms
2025-03-12 16:02:52,142 [restartedMain] DEBUG com.example.demo.security.JwtFilter traceId: controller: function: - Filter 'jwtFilter' configured for use
2025-03-12 16:02:52,193 [restartedMain] INFO  o.h.jpa.internal.util.LogHelper traceId: controller: function: - HHH000204: Processing PersistenceUnitInfo [name: default]
2025-03-12 16:02:52,196 [restartedMain] INFO  o.h.c.i.RegionFactoryInitiator traceId: controller: function: - HHH000026: Second-level cache disabled
2025-03-12 16:02:52,203 [restartedMain] INFO  o.s.o.j.p.SpringPersistenceUnitInfo traceId: controller: function: - No LoadTimeWeaver setup: ignoring JPA class transformer
2025-03-12 16:02:52,204 [restartedMain] INFO  com.zaxxer.hikari.HikariDataSource traceId: controller: function: - HikariPool-26 - Starting...
2025-03-12 16:02:52,231 [restartedMain] INFO  com.zaxxer.hikari.pool.HikariPool traceId: controller: function: - HikariPool-26 - Added connection com.mysql.cj.jdbc.ConnectionImpl@1168a8cc
2025-03-12 16:02:52,231 [restartedMain] INFO  com.zaxxer.hikari.HikariDataSource traceId: controller: function: - HikariPool-26 - Start completed.
2025-03-12 16:02:52,232 [restartedMain] WARN  org.hibernate.orm.deprecation traceId: controller: function: - HHH90000025: MySQL8Dialect does not need to be specified explicitly using 'hibernate.dialect' (remove the property setting and it will be selected by default)
2025-03-12 16:02:52,233 [restartedMain] WARN  org.hibernate.orm.deprecation traceId: controller: function: - HHH90000026: MySQL8Dialect has been deprecated; use org.hibernate.dialect.MySQLDialect instead
2025-03-12 16:02:52,269 [restartedMain] INFO  o.h.e.t.j.p.i.JtaPlatformInitiator traceId: controller: function: - HHH000489: No JTA platform available (set 'hibernate.transaction.jta.platform' to enable JTA platform integration)
2025-03-12 16:02:52,282 [restartedMain] INFO  o.s.o.j.LocalContainerEntityManagerFactoryBean traceId: controller: function: - Initialized JPA EntityManagerFactory for persistence unit 'default'
2025-03-12 16:02:52,650 [restartedMain] WARN  o.s.b.a.o.j.JpaBaseConfiguration$JpaWebConfiguration traceId: controller: function: - spring.jpa.open-in-view is enabled by default. Therefore, database queries may be performed during view rendering. Explicitly configure spring.jpa.open-in-view to disable this warning
2025-03-12 16:02:52,763 [restartedMain] INFO  o.s.b.a.e.web.EndpointLinksResolver traceId: controller: function: - Exposing 3 endpoint(s) beneath base path '/actuator'
2025-03-12 16:02:52,792 [restartedMain] INFO  o.s.s.web.DefaultSecurityFilterChain traceId: controller: function: - Will secure any request with [org.springframework.security.web.session.DisableEncodeUrlFilter@3da39ca3, org.springframework.security.web.context.request.async.WebAsyncManagerIntegrationFilter@120257b9, org.springframework.security.web.context.SecurityContextHolderFilter@70920fcd, org.springframework.security.web.header.HeaderWriterFilter@40eb7431, org.springframework.web.filter.CorsFilter@18358a3, org.springframework.security.web.authentication.logout.LogoutFilter@744cffdd, com.example.demo.security.JwtFilter@7e6cad5b, org.springframework.security.web.savedrequest.RequestCacheAwareFilter@a69cf47, org.springframework.security.web.servletapi.SecurityContextHolderAwareRequestFilter@77763e07, org.springframework.security.web.authentication.AnonymousAuthenticationFilter@6664d1f5, org.springframework.security.web.session.SessionManagementFilter@54e6b897, org.springframework.security.web.access.ExceptionTranslationFilter@68ff0c9f, org.springframework.security.web.access.intercept.AuthorizationFilter@421da26c]
2025-03-12 16:02:52,923 [restartedMain] INFO  o.s.b.d.a.OptionalLiveReloadServer traceId: controller: function: - LiveReload server is running on port 35729
2025-03-12 16:02:52,933 [restartedMain] INFO  o.a.coyote.http11.Http11NioProtocol traceId: controller: function: - Starting ProtocolHandler ["http-nio-8080"]
2025-03-12 16:02:52,936 [restartedMain] INFO  o.s.b.w.e.tomcat.TomcatWebServer traceId: controller: function: - Tomcat started on port 8080 (http) with context path ''
2025-03-12 16:02:52,940 [restartedMain] INFO  com.example.demo.DemoApplication traceId: controller: function: - Started DemoApplication in 1.449 seconds (process running for 9467.227)
2025-03-12 16:02:52,941 [restartedMain] INFO  o.s.b.d.a.ConditionEvaluationDeltaLoggingListener traceId: controller: function: - Condition evaluation unchanged
2025-03-12 16:03:20,844 [http-nio-8080-exec-2] INFO  o.a.c.c.C.[Tomcat].[localhost].[/] traceId: controller: function: - Initializing Spring DispatcherServlet 'dispatcherServlet'
2025-03-12 16:03:20,846 [http-nio-8080-exec-2] INFO  o.s.web.servlet.DispatcherServlet traceId: controller: function: - Initializing Servlet 'dispatcherServlet'
2025-03-12 16:03:20,857 [http-nio-8080-exec-2] INFO  o.s.web.servlet.DispatcherServlet traceId: controller: function: - Completed initialization in 10 ms
2025-03-12 16:03:20,921 [http-nio-8080-exec-2] INFO  c.e.demo.services.LoggingService traceId:3e88f4b3-308d-4a5c-8d94-9b2675b77b95 controller:com.example.demo.controllers.AuthController function: - Enter: com.example.demo.controllers.AuthController.register - Data: [{"username":"55555555","password":"222"}]
2025-03-12 16:03:20,922 [http-nio-8080-exec-2] INFO  c.e.demo.services.LoggingService traceId:3e88f4b3-308d-4a5c-8d94-9b2675b77b95 controller:com.example.demo.controllers.AuthController function: - Bt u x l ng k cho user: 55555555
2025-03-12 16:03:21,041 [http-nio-8080-exec-2] INFO  c.e.demo.services.LoggingService traceId:3e88f4b3-308d-4a5c-8d94-9b2675b77b95 controller:com.example.demo.controllers.AuthController function: - Hon thnh ng k user: 55555555
2025-03-12 16:03:21,041 [http-nio-8080-exec-2] INFO  c.e.demo.services.LoggingService traceId:3e88f4b3-308d-4a5c-8d94-9b2675b77b95 controller:com.example.demo.controllers.AuthController function: - Exit: com.example.demo.controllers.AuthController.register - Data: "User registered successfully!"
2025-03-12 16:03:22,051 [OkHttp http://otel-collector:4318/...] ERROR i.o.e.internal.http.HttpExporter traceId: controller: function: - Failed to export spans. The request could not be executed. Full error message: otel-collector: Name or service not known
java.net.UnknownHostException: otel-collector: Name or service not known
	at java.base/java.net.Inet6AddressImpl.lookupAllHostAddr(Native Method)
	at java.base/java.net.Inet6AddressImpl.lookupAllHostAddr(Inet6AddressImpl.java:52)
	at java.base/java.net.InetAddress$PlatformResolver.lookupByName(InetAddress.java:1211)
	at java.base/java.net.InetAddress.getAddressesFromNameService(InetAddress.java:1828)
	at java.base/java.net.InetAddress$NameServiceAddresses.get(InetAddress.java:1139)
	at java.base/java.net.InetAddress.getAllByName0(InetAddress.java:1818)
	at java.base/java.net.InetAddress.getAllByName(InetAddress.java:1688)
	at okhttp3.Dns$Companion$DnsSystem.lookup(Dns.kt:49)
	at okhttp3.internal.connection.RouteSelector.resetNextInetSocketAddress(RouteSelector.kt:169)
	at okhttp3.internal.connection.RouteSelector.nextProxy(RouteSelector.kt:131)
	at okhttp3.internal.connection.RouteSelector.next(RouteSelector.kt:73)
	at okhttp3.internal.connection.ExchangeFinder.findConnection(ExchangeFinder.kt:205)
	at okhttp3.internal.connection.ExchangeFinder.findHealthyConnection(ExchangeFinder.kt:106)
	at okhttp3.internal.connection.ExchangeFinder.find(ExchangeFinder.kt:74)
	at okhttp3.internal.connection.RealCall.initExchange$okhttp(RealCall.kt:255)
	at okhttp3.internal.connection.ConnectInterceptor.intercept(ConnectInterceptor.kt:32)
	at okhttp3.internal.http.RealInterceptorChain.proceed(RealInterceptorChain.kt:109)
	at okhttp3.internal.cache.CacheInterceptor.intercept(CacheInterceptor.kt:95)
	at okhttp3.internal.http.RealInterceptorChain.proceed(RealInterceptorChain.kt:109)
	at okhttp3.internal.http.BridgeInterceptor.intercept(BridgeInterceptor.kt:83)
	at okhttp3.internal.http.RealInterceptorChain.proceed(RealInterceptorChain.kt:109)
	at okhttp3.internal.http.RetryAndFollowUpInterceptor.intercept(RetryAndFollowUpInterceptor.kt:76)
	at okhttp3.internal.http.RealInterceptorChain.proceed(RealInterceptorChain.kt:109)
	at okhttp3.internal.connection.RealCall.getResponseWithInterceptorChain$okhttp(RealCall.kt:201)
	at okhttp3.internal.connection.RealCall$AsyncCall.run(RealCall.kt:517)
	at java.base/java.util.concurrent.ThreadPoolExecutor.runWorker(ThreadPoolExecutor.java:1144)
	at java.base/java.util.concurrent.ThreadPoolExecutor$Worker.run(ThreadPoolExecutor.java:642)
	at java.base/java.lang.Thread.run(Thread.java:1583)
